<?xml version="1.0" encoding="UTF-8"?>
<testsuite name="CalculatorTest" tests="1" skipped="0" failures="0" errors="0" timestamp="2022-03-16T16:59:36" hostname="Domicios-MBP.lan" time="0.103">
  <properties/>
  <testcase name="should_divide_two_numbers()" classname="CalculatorTest" time="0.103"/>
  <system-out><![CDATA[]]></system-out>
  <system-err><![CDATA[]]></system-err>
</testsuite>
